<?xml version="1.0" encoding="UTF-8"?>
<!-- Generated by org.testng.reporters.JUnitReportReporter -->
<testsuite skipped="0" hostname="DESKTOP-LPO1PH0" name="com.pom.wordpress.Testcases.VerifyWordpressLoginTest" tests="1" failures="0" timestamp="30 gru 2018 20:47:03 GMT" time="8.611" errors="0">
  <testcase name="verifyValidLogin" time="8.611" classname="com.pom.wordpress.Testcases.VerifyWordpressLoginTest"/>
</testsuite> <!-- com.pom.wordpress.Testcases.VerifyWordpressLoginTest -->
