<?xml version="1.0" encoding="UTF-8"?>
<!-- Generated by org.testng.reporters.JUnitReportReporter -->
<testsuite skipped="0" hostname="DESKTOP-LPO1PH0" name="com.google.tests.GoogleHomePageTest" tests="1" failures="0" timestamp="25 gru 2018 20:55:34 GMT" time="12.474" errors="0">
  <testcase name="verifyGooglePageTittle" time="12.474" classname="com.google.tests.GoogleHomePageTest"/>
</testsuite> <!-- com.google.tests.GoogleHomePageTest -->
